[debug] [2025-06-23T20:10:00.050Z] ----------------------------------------------------------------------
[debug] [2025-06-23T20:10:00.057Z] Command:       C:\Program Files\nodejs\node.exe C:\Users\elaba\AppData\Roaming\npm\node_modules\firebase-tools\lib\bin\firebase.js init hosting
[debug] [2025-06-23T20:10:00.058Z] CLI Version:   14.8.0
[debug] [2025-06-23T20:10:00.058Z] Platform:      win32
[debug] [2025-06-23T20:10:00.058Z] Node Version:  v22.14.0
[debug] [2025-06-23T20:10:00.059Z] Time:          Mon Jun 23 2025 23:10:00 GMT+0300 (GMT+03:00)
[debug] [2025-06-23T20:10:00.059Z] ----------------------------------------------------------------------
[debug] 
[debug] [2025-06-23T20:10:00.077Z] > command requires scopes: ["email","openid","https://www.googleapis.com/auth/cloudplatformprojects.readonly","https://www.googleapis.com/auth/firebase","https://www.googleapis.com/auth/cloud-platform"]
[debug] [2025-06-23T20:10:00.078Z] > authorizing via signed-in user (elabaglama2017@gmail.com)
[info] 
     ######## #### ########  ######## ########     ###     ######  ########
     ##        ##  ##     ## ##       ##     ##  ##   ##  ##       ##
     ######    ##  ########  ######   ########  #########  ######  ######
     ##        ##  ##    ##  ##       ##     ## ##     ##       ## ##
     ##       #### ##     ## ######## ########  ##     ##  ######  ########

You're about to initialize a Firebase project in this directory:

  C:\Users\elaba\Desktop\tera cursor

[debug] [2025-06-23T20:10:08.278Z] ExitPromptError: User force closed the prompt with SIGINT
    at Interface.sigint (C:\Users\elaba\AppData\Roaming\npm\node_modules\firebase-tools\node_modules\@inquirer\core\dist\commonjs\lib\create-prompt.js:101:37)
    at Interface.emit (node:events:518:28)
    at Interface.emit (node:domain:489:12)
    at [_ttyWrite] [as _ttyWrite] (node:internal/readline/interface:1124:18)
    at ReadStream.onkeypress (node:internal/readline/interface:263:20)
    at ReadStream.emit (node:events:530:35)
    at ReadStream.emit (node:domain:489:12)
    at emitKeys (node:internal/readline/utils:370:14)
    at emitKeys.next (<anonymous>)
    at ReadStream.onData (node:internal/readline/emitKeypressEvents:64:36)
[error] 
[error] Error: An unexpected error has occurred.
